Removed Pin From Net: NetName=GND Pin=B1-1
Removed Pin From Net: NetName=5VCC Pin=B2-1
Change Component DesignItemId : Designator=B1 Old DesignItemId=PLATED_HOLE2.4_PAD4.0 New DesignItemId=SMD_PAD_4X3MM
Change Component DesignItemId : Designator=B2 Old DesignItemId=PLATED_HOLE2.4_PAD4.0 New DesignItemId=SMD_PAD_4X3MM
Change Component Footprint: Designator=B1 Old Footprint=MTG240_400 New Footprint=R400X300
Change Component Footprint: Designator=B2 Old Footprint=MTG240_400 New Footprint=R400X300
Change Component Comment : Designator=B1 Old Comment=Plated Hole New Comment=SMD Pad
Change Component Comment : Designator=B2 Old Comment=Plated Hole New Comment=SMD Pad
Change Component Description : Designator=B1 Old Description=Single Terminal Socket New Description=Single SMD Pad
Change Component Description : Designator=B2 Old Description=Single Terminal Socket New Description=Single SMD Pad
Change component parameters: Designator = "B1"; Footprint = "R400X300"; UniqueID = "\HGYHWHFE"
Change component parameters. Clean all parameters for all variants
Change component parameters (AddParameter): Name = "Author"; Value = "CERN DEM JLC"; VariantName = "[No Variations]"
Change component parameters (AddParameter): Name = "ComponentHeight"; Value = "0mm"; VariantName = "[No Variations]"
Change component parameters (AddParameter): Name = "Component Type"; Value = "Standard (No BOM)"; VariantName = "[No Variations]"
Change component parameters (AddParameter): Name = "CreateDate"; Value = "15/03/2010"; VariantName = "[No Variations]"
Change component parameters (AddParameter): Name = "Family"; Value = "SMD Pad"; VariantName = "[No Variations]"
Change component parameters (AddParameter): Name = "HelpURL"; Value = "Undefined"; VariantName = "[No Variations]"
Change component parameters (AddParameter): Name = "LatestRevisionDate"; Value = "15/03/2010"; VariantName = "[No Variations]"
Change component parameters (AddParameter): Name = "Mounted"; Value = "No"; VariantName = "[No Variations]"
Change component parameters (AddParameter): Name = "PackageDescription"; Value = "4mm x  3mm SMD Pad"; VariantName = "[No Variations]"
Change component parameters (AddParameter): Name = "Part Description"; Value = "4mm x 3mm SMD Pad"; VariantName = "[No Variations]"
Change component parameters (AddParameter): Name = "Part Number"; Value = "SMD_PAD_4X3MM"; VariantName = "[No Variations]"
Change component parameters (AddParameter): Name = "Pin Count"; Value = "1"; VariantName = "[No Variations]"
Change component parameters (AddParameter): Name = "Sense"; Value = "No"; VariantName = "[No Variations]"
Change component parameters (AddParameter): Name = "SMD"; Value = "No"; VariantName = "[No Variations]"
Change component parameters (AddParameter): Name = "Socket"; Value = "No"; VariantName = "[No Variations]"
Change component parameters (AddParameter): Name = "Status"; Value = "None"; VariantName = "[No Variations]"
Change component parameters: Designator = "B2"; Footprint = "R400X300"; UniqueID = "\HKGYFOUB"
Change component parameters. Clean all parameters for all variants
Change component parameters (AddParameter): Name = "Author"; Value = "CERN DEM JLC"; VariantName = "[No Variations]"
Change component parameters (AddParameter): Name = "ComponentHeight"; Value = "0mm"; VariantName = "[No Variations]"
Change component parameters (AddParameter): Name = "Component Type"; Value = "Standard (No BOM)"; VariantName = "[No Variations]"
Change component parameters (AddParameter): Name = "CreateDate"; Value = "15/03/2010"; VariantName = "[No Variations]"
Change component parameters (AddParameter): Name = "Family"; Value = "SMD Pad"; VariantName = "[No Variations]"
Change component parameters (AddParameter): Name = "HelpURL"; Value = "Undefined"; VariantName = "[No Variations]"
Change component parameters (AddParameter): Name = "LatestRevisionDate"; Value = "15/03/2010"; VariantName = "[No Variations]"
Change component parameters (AddParameter): Name = "Mounted"; Value = "No"; VariantName = "[No Variations]"
Change component parameters (AddParameter): Name = "PackageDescription"; Value = "4mm x  3mm SMD Pad"; VariantName = "[No Variations]"
Change component parameters (AddParameter): Name = "Part Description"; Value = "4mm x 3mm SMD Pad"; VariantName = "[No Variations]"
Change component parameters (AddParameter): Name = "Part Number"; Value = "SMD_PAD_4X3MM"; VariantName = "[No Variations]"
Change component parameters (AddParameter): Name = "Pin Count"; Value = "1"; VariantName = "[No Variations]"
Change component parameters (AddParameter): Name = "Sense"; Value = "No"; VariantName = "[No Variations]"
Change component parameters (AddParameter): Name = "SMD"; Value = "No"; VariantName = "[No Variations]"
Change component parameters (AddParameter): Name = "Socket"; Value = "No"; VariantName = "[No Variations]"
Change component parameters (AddParameter): Name = "Status"; Value = "None"; VariantName = "[No Variations]"
