Added Component: Designator=LD?(LEDM3528X210N_YELLOW)
Add component. Clean all parameters for all variants
Add component (AddParameter): Name = "Author"; Value = "CERN DEM JLC"; VariantName = "[No Variations]"
Add component (AddParameter): Name = "Bonding"; Value = "No"; VariantName = "[No Variations]"
Add component (AddParameter): Name = "Color"; Value = "Yellow"; VariantName = "[No Variations]"
Add component (AddParameter): Name = "ComponentHeight"; Value = "1.2mm"; VariantName = "[No Variations]"
Add component (AddParameter): Name = "Component Type"; Value = "Standard"; VariantName = "[No Variations]"
Add component (AddParameter): Name = "CreateDate"; Value = "14/05/2008"; VariantName = "[No Variations]"
Add component (AddParameter): Name = "HelpURL"; Value = "\\cern.ch\dfs\Applications\Altium\Datasheets\LED_OSRAM_LYT676-R1S2-26.pdf"; VariantName = "[No Variations]"
Add component (AddParameter): Name = "LatestRevisionDate"; Value = "17/03/2010"; VariantName = "[No Variations]"
Add component (AddParameter): Name = "Manufacturer"; Value = "OSRAM"; VariantName = "[No Variations]"
Add component (AddParameter): Name = "Manufacturer Part Number"; Value = "LY T676-R1S2-26"; VariantName = "[No Variations]"
Add component (AddParameter): Name = "Mounted"; Value = "Yes"; VariantName = "[No Variations]"
Add component (AddParameter): Name = "PackageDescription"; Value = "Molded LED, 2-Leads, Body 3.5x2.8mm, IPC Medium Density PCB Edge Mounting"; VariantName = "[No Variations]"
Add component (AddParameter): Name = "Part Description"; Value = "Hyper TOPLED® SMD Yellow LED"; VariantName = "[No Variations]"
Add component (AddParameter): Name = "Part Number"; Value = "LED_OSRAM_LYT676-R1S2-26"; VariantName = "[No Variations]"
Add component (AddParameter): Name = "Pin Count"; Value = "2"; VariantName = "[No Variations]"
Add component (AddParameter): Name = "PressFit"; Value = "No"; VariantName = "[No Variations]"
Add component (AddParameter): Name = "Sense"; Value = "No"; VariantName = "[No Variations]"
Add component (AddParameter): Name = "SMD"; Value = "Yes"; VariantName = "[No Variations]"
Add component (AddParameter): Name = "Socket"; Value = "No"; VariantName = "[No Variations]"
Added Component: Designator=LD?(LEDM3528X210N_YELLOW)
Add component. Clean all parameters for all variants
Add component (AddParameter): Name = "Author"; Value = "CERN DEM JLC"; VariantName = "[No Variations]"
Add component (AddParameter): Name = "Bonding"; Value = "No"; VariantName = "[No Variations]"
Add component (AddParameter): Name = "Color"; Value = "Yellow"; VariantName = "[No Variations]"
Add component (AddParameter): Name = "ComponentHeight"; Value = "1.2mm"; VariantName = "[No Variations]"
Add component (AddParameter): Name = "Component Type"; Value = "Standard"; VariantName = "[No Variations]"
Add component (AddParameter): Name = "CreateDate"; Value = "14/05/2008"; VariantName = "[No Variations]"
Add component (AddParameter): Name = "HelpURL"; Value = "\\cern.ch\dfs\Applications\Altium\Datasheets\LED_OSRAM_LYT676-R1S2-26.pdf"; VariantName = "[No Variations]"
Add component (AddParameter): Name = "LatestRevisionDate"; Value = "17/03/2010"; VariantName = "[No Variations]"
Add component (AddParameter): Name = "Manufacturer"; Value = "OSRAM"; VariantName = "[No Variations]"
Add component (AddParameter): Name = "Manufacturer Part Number"; Value = "LY T676-R1S2-26"; VariantName = "[No Variations]"
Add component (AddParameter): Name = "Mounted"; Value = "Yes"; VariantName = "[No Variations]"
Add component (AddParameter): Name = "PackageDescription"; Value = "Molded LED, 2-Leads, Body 3.5x2.8mm, IPC Medium Density PCB Edge Mounting"; VariantName = "[No Variations]"
Add component (AddParameter): Name = "Part Description"; Value = "Hyper TOPLED® SMD Yellow LED"; VariantName = "[No Variations]"
Add component (AddParameter): Name = "Part Number"; Value = "LED_OSRAM_LYT676-R1S2-26"; VariantName = "[No Variations]"
Add component (AddParameter): Name = "Pin Count"; Value = "2"; VariantName = "[No Variations]"
Add component (AddParameter): Name = "PressFit"; Value = "No"; VariantName = "[No Variations]"
Add component (AddParameter): Name = "Sense"; Value = "No"; VariantName = "[No Variations]"
Add component (AddParameter): Name = "SMD"; Value = "Yes"; VariantName = "[No Variations]"
Add component (AddParameter): Name = "Socket"; Value = "No"; VariantName = "[No Variations]"
Added Component: Designator=LD?(LEDM3528X210N_YELLOW)
Add component. Clean all parameters for all variants
Add component (AddParameter): Name = "Author"; Value = "CERN DEM JLC"; VariantName = "[No Variations]"
Add component (AddParameter): Name = "Bonding"; Value = "No"; VariantName = "[No Variations]"
Add component (AddParameter): Name = "Color"; Value = "Yellow"; VariantName = "[No Variations]"
Add component (AddParameter): Name = "ComponentHeight"; Value = "1.2mm"; VariantName = "[No Variations]"
Add component (AddParameter): Name = "Component Type"; Value = "Standard"; VariantName = "[No Variations]"
Add component (AddParameter): Name = "CreateDate"; Value = "14/05/2008"; VariantName = "[No Variations]"
Add component (AddParameter): Name = "HelpURL"; Value = "\\cern.ch\dfs\Applications\Altium\Datasheets\LED_OSRAM_LYT676-R1S2-26.pdf"; VariantName = "[No Variations]"
Add component (AddParameter): Name = "LatestRevisionDate"; Value = "17/03/2010"; VariantName = "[No Variations]"
Add component (AddParameter): Name = "Manufacturer"; Value = "OSRAM"; VariantName = "[No Variations]"
Add component (AddParameter): Name = "Manufacturer Part Number"; Value = "LY T676-R1S2-26"; VariantName = "[No Variations]"
Add component (AddParameter): Name = "Mounted"; Value = "Yes"; VariantName = "[No Variations]"
Add component (AddParameter): Name = "PackageDescription"; Value = "Molded LED, 2-Leads, Body 3.5x2.8mm, IPC Medium Density PCB Edge Mounting"; VariantName = "[No Variations]"
Add component (AddParameter): Name = "Part Description"; Value = "Hyper TOPLED® SMD Yellow LED"; VariantName = "[No Variations]"
Add component (AddParameter): Name = "Part Number"; Value = "LED_OSRAM_LYT676-R1S2-26"; VariantName = "[No Variations]"
Add component (AddParameter): Name = "Pin Count"; Value = "2"; VariantName = "[No Variations]"
Add component (AddParameter): Name = "PressFit"; Value = "No"; VariantName = "[No Variations]"
Add component (AddParameter): Name = "Sense"; Value = "No"; VariantName = "[No Variations]"
Add component (AddParameter): Name = "SMD"; Value = "Yes"; VariantName = "[No Variations]"
Add component (AddParameter): Name = "Socket"; Value = "No"; VariantName = "[No Variations]"
Added Component: Designator=LD?(LEDM3528X210N_YELLOW)
Add component. Clean all parameters for all variants
Add component (AddParameter): Name = "Author"; Value = "CERN DEM JLC"; VariantName = "[No Variations]"
Add component (AddParameter): Name = "Bonding"; Value = "No"; VariantName = "[No Variations]"
Add component (AddParameter): Name = "Color"; Value = "Yellow"; VariantName = "[No Variations]"
Add component (AddParameter): Name = "ComponentHeight"; Value = "1.2mm"; VariantName = "[No Variations]"
Add component (AddParameter): Name = "Component Type"; Value = "Standard"; VariantName = "[No Variations]"
Add component (AddParameter): Name = "CreateDate"; Value = "14/05/2008"; VariantName = "[No Variations]"
Add component (AddParameter): Name = "HelpURL"; Value = "\\cern.ch\dfs\Applications\Altium\Datasheets\LED_OSRAM_LYT676-R1S2-26.pdf"; VariantName = "[No Variations]"
Add component (AddParameter): Name = "LatestRevisionDate"; Value = "17/03/2010"; VariantName = "[No Variations]"
Add component (AddParameter): Name = "Manufacturer"; Value = "OSRAM"; VariantName = "[No Variations]"
Add component (AddParameter): Name = "Manufacturer Part Number"; Value = "LY T676-R1S2-26"; VariantName = "[No Variations]"
Add component (AddParameter): Name = "Mounted"; Value = "Yes"; VariantName = "[No Variations]"
Add component (AddParameter): Name = "PackageDescription"; Value = "Molded LED, 2-Leads, Body 3.5x2.8mm, IPC Medium Density PCB Edge Mounting"; VariantName = "[No Variations]"
Add component (AddParameter): Name = "Part Description"; Value = "Hyper TOPLED® SMD Yellow LED"; VariantName = "[No Variations]"
Add component (AddParameter): Name = "Part Number"; Value = "LED_OSRAM_LYT676-R1S2-26"; VariantName = "[No Variations]"
Add component (AddParameter): Name = "Pin Count"; Value = "2"; VariantName = "[No Variations]"
Add component (AddParameter): Name = "PressFit"; Value = "No"; VariantName = "[No Variations]"
Add component (AddParameter): Name = "Sense"; Value = "No"; VariantName = "[No Variations]"
Add component (AddParameter): Name = "SMD"; Value = "Yes"; VariantName = "[No Variations]"
Add component (AddParameter): Name = "Socket"; Value = "No"; VariantName = "[No Variations]"
Added Component: Designator=LD?(LEDM3528X210N_YELLOW)
Add component. Clean all parameters for all variants
Add component (AddParameter): Name = "Author"; Value = "CERN DEM JLC"; VariantName = "[No Variations]"
Add component (AddParameter): Name = "Bonding"; Value = "No"; VariantName = "[No Variations]"
Add component (AddParameter): Name = "Color"; Value = "Yellow"; VariantName = "[No Variations]"
Add component (AddParameter): Name = "ComponentHeight"; Value = "1.2mm"; VariantName = "[No Variations]"
Add component (AddParameter): Name = "Component Type"; Value = "Standard"; VariantName = "[No Variations]"
Add component (AddParameter): Name = "CreateDate"; Value = "14/05/2008"; VariantName = "[No Variations]"
Add component (AddParameter): Name = "HelpURL"; Value = "\\cern.ch\dfs\Applications\Altium\Datasheets\LED_OSRAM_LYT676-R1S2-26.pdf"; VariantName = "[No Variations]"
Add component (AddParameter): Name = "LatestRevisionDate"; Value = "17/03/2010"; VariantName = "[No Variations]"
Add component (AddParameter): Name = "Manufacturer"; Value = "OSRAM"; VariantName = "[No Variations]"
Add component (AddParameter): Name = "Manufacturer Part Number"; Value = "LY T676-R1S2-26"; VariantName = "[No Variations]"
Add component (AddParameter): Name = "Mounted"; Value = "Yes"; VariantName = "[No Variations]"
Add component (AddParameter): Name = "PackageDescription"; Value = "Molded LED, 2-Leads, Body 3.5x2.8mm, IPC Medium Density PCB Edge Mounting"; VariantName = "[No Variations]"
Add component (AddParameter): Name = "Part Description"; Value = "Hyper TOPLED® SMD Yellow LED"; VariantName = "[No Variations]"
Add component (AddParameter): Name = "Part Number"; Value = "LED_OSRAM_LYT676-R1S2-26"; VariantName = "[No Variations]"
Add component (AddParameter): Name = "Pin Count"; Value = "2"; VariantName = "[No Variations]"
Add component (AddParameter): Name = "PressFit"; Value = "No"; VariantName = "[No Variations]"
Add component (AddParameter): Name = "Sense"; Value = "No"; VariantName = "[No Variations]"
Add component (AddParameter): Name = "SMD"; Value = "Yes"; VariantName = "[No Variations]"
Add component (AddParameter): Name = "Socket"; Value = "No"; VariantName = "[No Variations]"
Added Component: Designator=LD?(LEDM3528X210N_YELLOW)
Add component. Clean all parameters for all variants
Add component (AddParameter): Name = "Author"; Value = "CERN DEM JLC"; VariantName = "[No Variations]"
Add component (AddParameter): Name = "Bonding"; Value = "No"; VariantName = "[No Variations]"
Add component (AddParameter): Name = "Color"; Value = "Yellow"; VariantName = "[No Variations]"
Add component (AddParameter): Name = "ComponentHeight"; Value = "1.2mm"; VariantName = "[No Variations]"
Add component (AddParameter): Name = "Component Type"; Value = "Standard"; VariantName = "[No Variations]"
Add component (AddParameter): Name = "CreateDate"; Value = "14/05/2008"; VariantName = "[No Variations]"
Add component (AddParameter): Name = "HelpURL"; Value = "\\cern.ch\dfs\Applications\Altium\Datasheets\LED_OSRAM_LYT676-R1S2-26.pdf"; VariantName = "[No Variations]"
Add component (AddParameter): Name = "LatestRevisionDate"; Value = "17/03/2010"; VariantName = "[No Variations]"
Add component (AddParameter): Name = "Manufacturer"; Value = "OSRAM"; VariantName = "[No Variations]"
Add component (AddParameter): Name = "Manufacturer Part Number"; Value = "LY T676-R1S2-26"; VariantName = "[No Variations]"
Add component (AddParameter): Name = "Mounted"; Value = "Yes"; VariantName = "[No Variations]"
Add component (AddParameter): Name = "PackageDescription"; Value = "Molded LED, 2-Leads, Body 3.5x2.8mm, IPC Medium Density PCB Edge Mounting"; VariantName = "[No Variations]"
Add component (AddParameter): Name = "Part Description"; Value = "Hyper TOPLED® SMD Yellow LED"; VariantName = "[No Variations]"
Add component (AddParameter): Name = "Part Number"; Value = "LED_OSRAM_LYT676-R1S2-26"; VariantName = "[No Variations]"
Add component (AddParameter): Name = "Pin Count"; Value = "2"; VariantName = "[No Variations]"
Add component (AddParameter): Name = "PressFit"; Value = "No"; VariantName = "[No Variations]"
Add component (AddParameter): Name = "Sense"; Value = "No"; VariantName = "[No Variations]"
Add component (AddParameter): Name = "SMD"; Value = "Yes"; VariantName = "[No Variations]"
Add component (AddParameter): Name = "Socket"; Value = "No"; VariantName = "[No Variations]"
Added Component: Designator=LD?(LEDM3528X210N_YELLOW)
Add component. Clean all parameters for all variants
Add component (AddParameter): Name = "Author"; Value = "CERN DEM JLC"; VariantName = "[No Variations]"
Add component (AddParameter): Name = "Bonding"; Value = "No"; VariantName = "[No Variations]"
Add component (AddParameter): Name = "Color"; Value = "Yellow"; VariantName = "[No Variations]"
Add component (AddParameter): Name = "ComponentHeight"; Value = "1.2mm"; VariantName = "[No Variations]"
Add component (AddParameter): Name = "Component Type"; Value = "Standard"; VariantName = "[No Variations]"
Add component (AddParameter): Name = "CreateDate"; Value = "14/05/2008"; VariantName = "[No Variations]"
Add component (AddParameter): Name = "HelpURL"; Value = "\\cern.ch\dfs\Applications\Altium\Datasheets\LED_OSRAM_LYT676-R1S2-26.pdf"; VariantName = "[No Variations]"
Add component (AddParameter): Name = "LatestRevisionDate"; Value = "17/03/2010"; VariantName = "[No Variations]"
Add component (AddParameter): Name = "Manufacturer"; Value = "OSRAM"; VariantName = "[No Variations]"
Add component (AddParameter): Name = "Manufacturer Part Number"; Value = "LY T676-R1S2-26"; VariantName = "[No Variations]"
Add component (AddParameter): Name = "Mounted"; Value = "Yes"; VariantName = "[No Variations]"
Add component (AddParameter): Name = "PackageDescription"; Value = "Molded LED, 2-Leads, Body 3.5x2.8mm, IPC Medium Density PCB Edge Mounting"; VariantName = "[No Variations]"
Add component (AddParameter): Name = "Part Description"; Value = "Hyper TOPLED® SMD Yellow LED"; VariantName = "[No Variations]"
Add component (AddParameter): Name = "Part Number"; Value = "LED_OSRAM_LYT676-R1S2-26"; VariantName = "[No Variations]"
Add component (AddParameter): Name = "Pin Count"; Value = "2"; VariantName = "[No Variations]"
Add component (AddParameter): Name = "PressFit"; Value = "No"; VariantName = "[No Variations]"
Add component (AddParameter): Name = "Sense"; Value = "No"; VariantName = "[No Variations]"
Add component (AddParameter): Name = "SMD"; Value = "Yes"; VariantName = "[No Variations]"
Add component (AddParameter): Name = "Socket"; Value = "No"; VariantName = "[No Variations]"
Added Component: Designator=LD?(LEDM3528X210N_YELLOW)
Add component. Clean all parameters for all variants
Add component (AddParameter): Name = "Author"; Value = "CERN DEM JLC"; VariantName = "[No Variations]"
Add component (AddParameter): Name = "Bonding"; Value = "No"; VariantName = "[No Variations]"
Add component (AddParameter): Name = "Color"; Value = "Yellow"; VariantName = "[No Variations]"
Add component (AddParameter): Name = "ComponentHeight"; Value = "1.2mm"; VariantName = "[No Variations]"
Add component (AddParameter): Name = "Component Type"; Value = "Standard"; VariantName = "[No Variations]"
Add component (AddParameter): Name = "CreateDate"; Value = "14/05/2008"; VariantName = "[No Variations]"
Add component (AddParameter): Name = "HelpURL"; Value = "\\cern.ch\dfs\Applications\Altium\Datasheets\LED_OSRAM_LYT676-R1S2-26.pdf"; VariantName = "[No Variations]"
Add component (AddParameter): Name = "LatestRevisionDate"; Value = "17/03/2010"; VariantName = "[No Variations]"
Add component (AddParameter): Name = "Manufacturer"; Value = "OSRAM"; VariantName = "[No Variations]"
Add component (AddParameter): Name = "Manufacturer Part Number"; Value = "LY T676-R1S2-26"; VariantName = "[No Variations]"
Add component (AddParameter): Name = "Mounted"; Value = "Yes"; VariantName = "[No Variations]"
Add component (AddParameter): Name = "PackageDescription"; Value = "Molded LED, 2-Leads, Body 3.5x2.8mm, IPC Medium Density PCB Edge Mounting"; VariantName = "[No Variations]"
Add component (AddParameter): Name = "Part Description"; Value = "Hyper TOPLED® SMD Yellow LED"; VariantName = "[No Variations]"
Add component (AddParameter): Name = "Part Number"; Value = "LED_OSRAM_LYT676-R1S2-26"; VariantName = "[No Variations]"
Add component (AddParameter): Name = "Pin Count"; Value = "2"; VariantName = "[No Variations]"
Add component (AddParameter): Name = "PressFit"; Value = "No"; VariantName = "[No Variations]"
Add component (AddParameter): Name = "Sense"; Value = "No"; VariantName = "[No Variations]"
Add component (AddParameter): Name = "SMD"; Value = "Yes"; VariantName = "[No Variations]"
Add component (AddParameter): Name = "Socket"; Value = "No"; VariantName = "[No Variations]"
Added Component: Designator=R?(RESC3216X65N)
Add component. Clean all parameters for all variants
Add component (AddParameter): Name = "Author"; Value = "CERN DEM JLC"; VariantName = "[No Variations]"
Add component (AddParameter): Name = "Case"; Value = "1206"; VariantName = "[No Variations]"
Add component (AddParameter): Name = "Component Type"; Value = "Standard"; VariantName = "[No Variations]"
Add component (AddParameter): Name = "CreateDate"; Value = "24/06/2009"; VariantName = "[No Variations]"
Add component (AddParameter): Name = "HelpURL"; Value = "\\cern.ch\dfs\Applications\Altium\Datasheets\R1206_NIC_NRC.pdf"; VariantName = "[No Variations]"
Add component (AddParameter): Name = "LatestRevisionDate"; Value = "24/06/2009"; VariantName = "[No Variations]"
Add component (AddParameter): Name = "Manufacturer"; Value = "GENERIC"; VariantName = "[No Variations]"
Add component (AddParameter): Name = "Manufacturer1 ComponentHeight"; Value = "0.65mm"; VariantName = "[No Variations]"
Add component (AddParameter): Name = "Manufacturer1 Example"; Value = "NIC COMPONENT"; VariantName = "[No Variations]"
Add component (AddParameter): Name = "Manufacturer1 Part Number"; Value = "NRC12F10R0TRF"; VariantName = "[No Variations]"
Add component (AddParameter): Name = "Manufacturer Part Number"; Value = "R1206_10R_1%_0.25W_200PPM"; VariantName = "[No Variations]"
Add component (AddParameter): Name = "Mounted"; Value = "Yes"; VariantName = "[No Variations]"
Add component (AddParameter): Name = "Part Description"; Value = "General Purpose Thick Film Chip Resistor"; VariantName = "[No Variations]"
Add component (AddParameter): Name = "Part Number"; Value = "R1206_10R_1%_0.25W_200PPM"; VariantName = "[No Variations]"
Add component (AddParameter): Name = "Pin Count"; Value = "2"; VariantName = "[No Variations]"
Add component (AddParameter): Name = "Power"; Value = "0.25W"; VariantName = "[No Variations]"
Add component (AddParameter): Name = "Sense"; Value = "No"; VariantName = "[No Variations]"
Add component (AddParameter): Name = "SMD"; Value = "Yes"; VariantName = "[No Variations]"
Add component (AddParameter): Name = "Socket"; Value = "No"; VariantName = "[No Variations]"
Add component (AddParameter): Name = "Status"; Value = "Preferred"; VariantName = "[No Variations]"
Add component (AddParameter): Name = "TC"; Value = "±200ppm/°C"; VariantName = "[No Variations]"
Add component (AddParameter): Name = "Tolerance"; Value = "±1%"; VariantName = "[No Variations]"
Add component (AddParameter): Name = "Value"; Value = "10"; VariantName = "[No Variations]"
Added Pin To Net: NetName=5VCC Pin=R?-2
Added Net: Name=5VCC
Added Pin To Net: NetName=GND Pin=LD?-2
Added Pin To Net: NetName=GND Pin=LD?-2
Added Pin To Net: NetName=GND Pin=LD?-2
Added Pin To Net: NetName=GND Pin=LD?-2
Added Pin To Net: NetName=GND Pin=LD?-2
Added Pin To Net: NetName=GND Pin=LD?-2
Added Pin To Net: NetName=GND Pin=LD?-2
Added Pin To Net: NetName=GND Pin=LD?-2
Added Pin To Net: NetName=GND Pin=LD?-2
Added Net: Name=GND
Added Pin To Net: NetName=NetLD?_1 Pin=LD?-1
Added Pin To Net: NetName=NetLD?_1 Pin=LD?-1
Added Pin To Net: NetName=NetLD?_1 Pin=LD?-1
Added Pin To Net: NetName=NetLD?_1 Pin=LD?-1
Added Pin To Net: NetName=NetLD?_1 Pin=LD?-1
Added Pin To Net: NetName=NetLD?_1 Pin=LD?-1
Added Pin To Net: NetName=NetLD?_1 Pin=LD?-1
Added Pin To Net: NetName=NetLD?_1 Pin=LD?-1
Added Pin To Net: NetName=NetLD?_1 Pin=LD?-1
Added Pin To Net: NetName=NetLD?_1 Pin=R?-1
Added Net: Name=NetLD?_1
Added Member To Class: ClassName=PCB LED_MonitorFluorecente Member=Component LD? Yellow
Added Member To Class: ClassName=PCB LED_MonitorFluorecente Member=Component LD? Yellow
Added Member To Class: ClassName=PCB LED_MonitorFluorecente Member=Component LD? Yellow
Added Member To Class: ClassName=PCB LED_MonitorFluorecente Member=Component LD? Yellow
Added Member To Class: ClassName=PCB LED_MonitorFluorecente Member=Component LD? Yellow
Added Member To Class: ClassName=PCB LED_MonitorFluorecente Member=Component LD? Yellow
Added Member To Class: ClassName=PCB LED_MonitorFluorecente Member=Component LD? Yellow
Added Member To Class: ClassName=PCB LED_MonitorFluorecente Member=Component LD? Yellow
Added Member To Class: ClassName=PCB LED_MonitorFluorecente Member=Component R? 10
