Added Component: Designator=LD1(BL-LS5730A1S1UWC)
Add component. Clean all parameters for all variants
Add component (AddParameter): Name = "Author"; Value = "LNLS DIG LOS"; VariantName = "[No Variations]"
Add component (AddParameter): Name = "Bonding"; Value = "No"; VariantName = "[No Variations]"
Add component (AddParameter): Name = "Color"; Value = "White"; VariantName = "[No Variations]"
Add component (AddParameter): Name = "ComponentHeight"; Value = "0.8mm"; VariantName = "[No Variations]"
Add component (AddParameter): Name = "Component Type"; Value = "Standard"; VariantName = "[No Variations]"
Add component (AddParameter): Name = "CreateDate"; Value = "12/06/2017"; VariantName = "[No Variations]"
Add component (AddParameter): Name = "LatestRevisionDate"; Value = "12/06/2017"; VariantName = "[No Variations]"
Add component (AddParameter): Name = "Manufacturer"; Value = "BETLUX"; VariantName = "[No Variations]"
Add component (AddParameter): Name = "Manufacturer Part Number"; Value = "BL-LS5730A1S1UWC-0.5W"; VariantName = "[No Variations]"
Add component (AddParameter): Name = "Mounted"; Value = "Yes"; VariantName = "[No Variations]"
Add component (AddParameter): Name = "PackageDescription"; Value = "Molded LED, 2-Leads, Body 4.7x3mm, IPC Medium Density PCB Edge Mounting"; VariantName = "[No Variations]"
Add component (AddParameter): Name = "Part Description"; Value = "SMD white LED"; VariantName = "[No Variations]"
Add component (AddParameter): Name = "Part Number"; Value = "LED_BETLUX_BL-LS5730A1S1UWC-0.5W"; VariantName = "[No Variations]"
Add component (AddParameter): Name = "Part Numer"; Value = "LED_BETLUX_BL-LS5730A1S1UWC-0.5W"; VariantName = "[No Variations]"
Add component (AddParameter): Name = "Pin Count"; Value = "2"; VariantName = "[No Variations]"
Add component (AddParameter): Name = "PressFit"; Value = "No"; VariantName = "[No Variations]"
Add component (AddParameter): Name = "Sense"; Value = "No"; VariantName = "[No Variations]"
Add component (AddParameter): Name = "SMD"; Value = "Yes"; VariantName = "[No Variations]"
Add component (AddParameter): Name = "Socket"; Value = "No"; VariantName = "[No Variations]"
Added Component: Designator=LD2(BL-LS5730A1S1UWC)
Add component. Clean all parameters for all variants
Add component (AddParameter): Name = "Author"; Value = "LNLS DIG LOS"; VariantName = "[No Variations]"
Add component (AddParameter): Name = "Bonding"; Value = "No"; VariantName = "[No Variations]"
Add component (AddParameter): Name = "Color"; Value = "White"; VariantName = "[No Variations]"
Add component (AddParameter): Name = "ComponentHeight"; Value = "0.8mm"; VariantName = "[No Variations]"
Add component (AddParameter): Name = "Component Type"; Value = "Standard"; VariantName = "[No Variations]"
Add component (AddParameter): Name = "CreateDate"; Value = "12/06/2017"; VariantName = "[No Variations]"
Add component (AddParameter): Name = "LatestRevisionDate"; Value = "12/06/2017"; VariantName = "[No Variations]"
Add component (AddParameter): Name = "Manufacturer"; Value = "BETLUX"; VariantName = "[No Variations]"
Add component (AddParameter): Name = "Manufacturer Part Number"; Value = "BL-LS5730A1S1UWC-0.5W"; VariantName = "[No Variations]"
Add component (AddParameter): Name = "Mounted"; Value = "Yes"; VariantName = "[No Variations]"
Add component (AddParameter): Name = "PackageDescription"; Value = "Molded LED, 2-Leads, Body 4.7x3mm, IPC Medium Density PCB Edge Mounting"; VariantName = "[No Variations]"
Add component (AddParameter): Name = "Part Description"; Value = "SMD white LED"; VariantName = "[No Variations]"
Add component (AddParameter): Name = "Part Number"; Value = "LED_BETLUX_BL-LS5730A1S1UWC-0.5W"; VariantName = "[No Variations]"
Add component (AddParameter): Name = "Part Numer"; Value = "LED_BETLUX_BL-LS5730A1S1UWC-0.5W"; VariantName = "[No Variations]"
Add component (AddParameter): Name = "Pin Count"; Value = "2"; VariantName = "[No Variations]"
Add component (AddParameter): Name = "PressFit"; Value = "No"; VariantName = "[No Variations]"
Add component (AddParameter): Name = "Sense"; Value = "No"; VariantName = "[No Variations]"
Add component (AddParameter): Name = "SMD"; Value = "Yes"; VariantName = "[No Variations]"
Add component (AddParameter): Name = "Socket"; Value = "No"; VariantName = "[No Variations]"
Added Component: Designator=LD3(BL-LS5730A1S1UWC)
Add component. Clean all parameters for all variants
Add component (AddParameter): Name = "Author"; Value = "LNLS DIG LOS"; VariantName = "[No Variations]"
Add component (AddParameter): Name = "Bonding"; Value = "No"; VariantName = "[No Variations]"
Add component (AddParameter): Name = "Color"; Value = "White"; VariantName = "[No Variations]"
Add component (AddParameter): Name = "ComponentHeight"; Value = "0.8mm"; VariantName = "[No Variations]"
Add component (AddParameter): Name = "Component Type"; Value = "Standard"; VariantName = "[No Variations]"
Add component (AddParameter): Name = "CreateDate"; Value = "12/06/2017"; VariantName = "[No Variations]"
Add component (AddParameter): Name = "LatestRevisionDate"; Value = "12/06/2017"; VariantName = "[No Variations]"
Add component (AddParameter): Name = "Manufacturer"; Value = "BETLUX"; VariantName = "[No Variations]"
Add component (AddParameter): Name = "Manufacturer Part Number"; Value = "BL-LS5730A1S1UWC-0.5W"; VariantName = "[No Variations]"
Add component (AddParameter): Name = "Mounted"; Value = "Yes"; VariantName = "[No Variations]"
Add component (AddParameter): Name = "PackageDescription"; Value = "Molded LED, 2-Leads, Body 4.7x3mm, IPC Medium Density PCB Edge Mounting"; VariantName = "[No Variations]"
Add component (AddParameter): Name = "Part Description"; Value = "SMD white LED"; VariantName = "[No Variations]"
Add component (AddParameter): Name = "Part Number"; Value = "LED_BETLUX_BL-LS5730A1S1UWC-0.5W"; VariantName = "[No Variations]"
Add component (AddParameter): Name = "Part Numer"; Value = "LED_BETLUX_BL-LS5730A1S1UWC-0.5W"; VariantName = "[No Variations]"
Add component (AddParameter): Name = "Pin Count"; Value = "2"; VariantName = "[No Variations]"
Add component (AddParameter): Name = "PressFit"; Value = "No"; VariantName = "[No Variations]"
Add component (AddParameter): Name = "Sense"; Value = "No"; VariantName = "[No Variations]"
Add component (AddParameter): Name = "SMD"; Value = "Yes"; VariantName = "[No Variations]"
Add component (AddParameter): Name = "Socket"; Value = "No"; VariantName = "[No Variations]"
Added Component: Designator=LD4(BL-LS5730A1S1UWC)
Add component. Clean all parameters for all variants
Add component (AddParameter): Name = "Author"; Value = "LNLS DIG LOS"; VariantName = "[No Variations]"
Add component (AddParameter): Name = "Bonding"; Value = "No"; VariantName = "[No Variations]"
Add component (AddParameter): Name = "Color"; Value = "White"; VariantName = "[No Variations]"
Add component (AddParameter): Name = "ComponentHeight"; Value = "0.8mm"; VariantName = "[No Variations]"
Add component (AddParameter): Name = "Component Type"; Value = "Standard"; VariantName = "[No Variations]"
Add component (AddParameter): Name = "CreateDate"; Value = "12/06/2017"; VariantName = "[No Variations]"
Add component (AddParameter): Name = "LatestRevisionDate"; Value = "12/06/2017"; VariantName = "[No Variations]"
Add component (AddParameter): Name = "Manufacturer"; Value = "BETLUX"; VariantName = "[No Variations]"
Add component (AddParameter): Name = "Manufacturer Part Number"; Value = "BL-LS5730A1S1UWC-0.5W"; VariantName = "[No Variations]"
Add component (AddParameter): Name = "Mounted"; Value = "Yes"; VariantName = "[No Variations]"
Add component (AddParameter): Name = "PackageDescription"; Value = "Molded LED, 2-Leads, Body 4.7x3mm, IPC Medium Density PCB Edge Mounting"; VariantName = "[No Variations]"
Add component (AddParameter): Name = "Part Description"; Value = "SMD white LED"; VariantName = "[No Variations]"
Add component (AddParameter): Name = "Part Number"; Value = "LED_BETLUX_BL-LS5730A1S1UWC-0.5W"; VariantName = "[No Variations]"
Add component (AddParameter): Name = "Part Numer"; Value = "LED_BETLUX_BL-LS5730A1S1UWC-0.5W"; VariantName = "[No Variations]"
Add component (AddParameter): Name = "Pin Count"; Value = "2"; VariantName = "[No Variations]"
Add component (AddParameter): Name = "PressFit"; Value = "No"; VariantName = "[No Variations]"
Add component (AddParameter): Name = "Sense"; Value = "No"; VariantName = "[No Variations]"
Add component (AddParameter): Name = "SMD"; Value = "Yes"; VariantName = "[No Variations]"
Add component (AddParameter): Name = "Socket"; Value = "No"; VariantName = "[No Variations]"
Added Component: Designator=LD5(BL-LS5730A1S1UWC)
Add component. Clean all parameters for all variants
Add component (AddParameter): Name = "Author"; Value = "LNLS DIG LOS"; VariantName = "[No Variations]"
Add component (AddParameter): Name = "Bonding"; Value = "No"; VariantName = "[No Variations]"
Add component (AddParameter): Name = "Color"; Value = "White"; VariantName = "[No Variations]"
Add component (AddParameter): Name = "ComponentHeight"; Value = "0.8mm"; VariantName = "[No Variations]"
Add component (AddParameter): Name = "Component Type"; Value = "Standard"; VariantName = "[No Variations]"
Add component (AddParameter): Name = "CreateDate"; Value = "12/06/2017"; VariantName = "[No Variations]"
Add component (AddParameter): Name = "LatestRevisionDate"; Value = "12/06/2017"; VariantName = "[No Variations]"
Add component (AddParameter): Name = "Manufacturer"; Value = "BETLUX"; VariantName = "[No Variations]"
Add component (AddParameter): Name = "Manufacturer Part Number"; Value = "BL-LS5730A1S1UWC-0.5W"; VariantName = "[No Variations]"
Add component (AddParameter): Name = "Mounted"; Value = "Yes"; VariantName = "[No Variations]"
Add component (AddParameter): Name = "PackageDescription"; Value = "Molded LED, 2-Leads, Body 4.7x3mm, IPC Medium Density PCB Edge Mounting"; VariantName = "[No Variations]"
Add component (AddParameter): Name = "Part Description"; Value = "SMD white LED"; VariantName = "[No Variations]"
Add component (AddParameter): Name = "Part Number"; Value = "LED_BETLUX_BL-LS5730A1S1UWC-0.5W"; VariantName = "[No Variations]"
Add component (AddParameter): Name = "Part Numer"; Value = "LED_BETLUX_BL-LS5730A1S1UWC-0.5W"; VariantName = "[No Variations]"
Add component (AddParameter): Name = "Pin Count"; Value = "2"; VariantName = "[No Variations]"
Add component (AddParameter): Name = "PressFit"; Value = "No"; VariantName = "[No Variations]"
Add component (AddParameter): Name = "Sense"; Value = "No"; VariantName = "[No Variations]"
Add component (AddParameter): Name = "SMD"; Value = "Yes"; VariantName = "[No Variations]"
Add component (AddParameter): Name = "Socket"; Value = "No"; VariantName = "[No Variations]"
Added Component: Designator=LD6(BL-LS5730A1S1UWC)
Add component. Clean all parameters for all variants
Add component (AddParameter): Name = "Author"; Value = "LNLS DIG LOS"; VariantName = "[No Variations]"
Add component (AddParameter): Name = "Bonding"; Value = "No"; VariantName = "[No Variations]"
Add component (AddParameter): Name = "Color"; Value = "White"; VariantName = "[No Variations]"
Add component (AddParameter): Name = "ComponentHeight"; Value = "0.8mm"; VariantName = "[No Variations]"
Add component (AddParameter): Name = "Component Type"; Value = "Standard"; VariantName = "[No Variations]"
Add component (AddParameter): Name = "CreateDate"; Value = "12/06/2017"; VariantName = "[No Variations]"
Add component (AddParameter): Name = "LatestRevisionDate"; Value = "12/06/2017"; VariantName = "[No Variations]"
Add component (AddParameter): Name = "Manufacturer"; Value = "BETLUX"; VariantName = "[No Variations]"
Add component (AddParameter): Name = "Manufacturer Part Number"; Value = "BL-LS5730A1S1UWC-0.5W"; VariantName = "[No Variations]"
Add component (AddParameter): Name = "Mounted"; Value = "Yes"; VariantName = "[No Variations]"
Add component (AddParameter): Name = "PackageDescription"; Value = "Molded LED, 2-Leads, Body 4.7x3mm, IPC Medium Density PCB Edge Mounting"; VariantName = "[No Variations]"
Add component (AddParameter): Name = "Part Description"; Value = "SMD white LED"; VariantName = "[No Variations]"
Add component (AddParameter): Name = "Part Number"; Value = "LED_BETLUX_BL-LS5730A1S1UWC-0.5W"; VariantName = "[No Variations]"
Add component (AddParameter): Name = "Part Numer"; Value = "LED_BETLUX_BL-LS5730A1S1UWC-0.5W"; VariantName = "[No Variations]"
Add component (AddParameter): Name = "Pin Count"; Value = "2"; VariantName = "[No Variations]"
Add component (AddParameter): Name = "PressFit"; Value = "No"; VariantName = "[No Variations]"
Add component (AddParameter): Name = "Sense"; Value = "No"; VariantName = "[No Variations]"
Add component (AddParameter): Name = "SMD"; Value = "Yes"; VariantName = "[No Variations]"
Add component (AddParameter): Name = "Socket"; Value = "No"; VariantName = "[No Variations]"
Added Component: Designator=LD7(BL-LS5730A1S1UWC)
Add component. Clean all parameters for all variants
Add component (AddParameter): Name = "Author"; Value = "LNLS DIG LOS"; VariantName = "[No Variations]"
Add component (AddParameter): Name = "Bonding"; Value = "No"; VariantName = "[No Variations]"
Add component (AddParameter): Name = "Color"; Value = "White"; VariantName = "[No Variations]"
Add component (AddParameter): Name = "ComponentHeight"; Value = "0.8mm"; VariantName = "[No Variations]"
Add component (AddParameter): Name = "Component Type"; Value = "Standard"; VariantName = "[No Variations]"
Add component (AddParameter): Name = "CreateDate"; Value = "12/06/2017"; VariantName = "[No Variations]"
Add component (AddParameter): Name = "LatestRevisionDate"; Value = "12/06/2017"; VariantName = "[No Variations]"
Add component (AddParameter): Name = "Manufacturer"; Value = "BETLUX"; VariantName = "[No Variations]"
Add component (AddParameter): Name = "Manufacturer Part Number"; Value = "BL-LS5730A1S1UWC-0.5W"; VariantName = "[No Variations]"
Add component (AddParameter): Name = "Mounted"; Value = "Yes"; VariantName = "[No Variations]"
Add component (AddParameter): Name = "PackageDescription"; Value = "Molded LED, 2-Leads, Body 4.7x3mm, IPC Medium Density PCB Edge Mounting"; VariantName = "[No Variations]"
Add component (AddParameter): Name = "Part Description"; Value = "SMD white LED"; VariantName = "[No Variations]"
Add component (AddParameter): Name = "Part Number"; Value = "LED_BETLUX_BL-LS5730A1S1UWC-0.5W"; VariantName = "[No Variations]"
Add component (AddParameter): Name = "Part Numer"; Value = "LED_BETLUX_BL-LS5730A1S1UWC-0.5W"; VariantName = "[No Variations]"
Add component (AddParameter): Name = "Pin Count"; Value = "2"; VariantName = "[No Variations]"
Add component (AddParameter): Name = "PressFit"; Value = "No"; VariantName = "[No Variations]"
Add component (AddParameter): Name = "Sense"; Value = "No"; VariantName = "[No Variations]"
Add component (AddParameter): Name = "SMD"; Value = "Yes"; VariantName = "[No Variations]"
Add component (AddParameter): Name = "Socket"; Value = "No"; VariantName = "[No Variations]"
Added Component: Designator=LD8(BL-LS5730A1S1UWC)
Add component. Clean all parameters for all variants
Add component (AddParameter): Name = "Author"; Value = "LNLS DIG LOS"; VariantName = "[No Variations]"
Add component (AddParameter): Name = "Bonding"; Value = "No"; VariantName = "[No Variations]"
Add component (AddParameter): Name = "Color"; Value = "White"; VariantName = "[No Variations]"
Add component (AddParameter): Name = "ComponentHeight"; Value = "0.8mm"; VariantName = "[No Variations]"
Add component (AddParameter): Name = "Component Type"; Value = "Standard"; VariantName = "[No Variations]"
Add component (AddParameter): Name = "CreateDate"; Value = "12/06/2017"; VariantName = "[No Variations]"
Add component (AddParameter): Name = "LatestRevisionDate"; Value = "12/06/2017"; VariantName = "[No Variations]"
Add component (AddParameter): Name = "Manufacturer"; Value = "BETLUX"; VariantName = "[No Variations]"
Add component (AddParameter): Name = "Manufacturer Part Number"; Value = "BL-LS5730A1S1UWC-0.5W"; VariantName = "[No Variations]"
Add component (AddParameter): Name = "Mounted"; Value = "Yes"; VariantName = "[No Variations]"
Add component (AddParameter): Name = "PackageDescription"; Value = "Molded LED, 2-Leads, Body 4.7x3mm, IPC Medium Density PCB Edge Mounting"; VariantName = "[No Variations]"
Add component (AddParameter): Name = "Part Description"; Value = "SMD white LED"; VariantName = "[No Variations]"
Add component (AddParameter): Name = "Part Number"; Value = "LED_BETLUX_BL-LS5730A1S1UWC-0.5W"; VariantName = "[No Variations]"
Add component (AddParameter): Name = "Part Numer"; Value = "LED_BETLUX_BL-LS5730A1S1UWC-0.5W"; VariantName = "[No Variations]"
Add component (AddParameter): Name = "Pin Count"; Value = "2"; VariantName = "[No Variations]"
Add component (AddParameter): Name = "PressFit"; Value = "No"; VariantName = "[No Variations]"
Add component (AddParameter): Name = "Sense"; Value = "No"; VariantName = "[No Variations]"
Add component (AddParameter): Name = "SMD"; Value = "Yes"; VariantName = "[No Variations]"
Add component (AddParameter): Name = "Socket"; Value = "No"; VariantName = "[No Variations]"
Added Component: Designator=LD9(BL-LS5730A1S1UWC)
Add component. Clean all parameters for all variants
Add component (AddParameter): Name = "Author"; Value = "LNLS DIG LOS"; VariantName = "[No Variations]"
Add component (AddParameter): Name = "Bonding"; Value = "No"; VariantName = "[No Variations]"
Add component (AddParameter): Name = "Color"; Value = "White"; VariantName = "[No Variations]"
Add component (AddParameter): Name = "ComponentHeight"; Value = "0.8mm"; VariantName = "[No Variations]"
Add component (AddParameter): Name = "Component Type"; Value = "Standard"; VariantName = "[No Variations]"
Add component (AddParameter): Name = "CreateDate"; Value = "12/06/2017"; VariantName = "[No Variations]"
Add component (AddParameter): Name = "LatestRevisionDate"; Value = "12/06/2017"; VariantName = "[No Variations]"
Add component (AddParameter): Name = "Manufacturer"; Value = "BETLUX"; VariantName = "[No Variations]"
Add component (AddParameter): Name = "Manufacturer Part Number"; Value = "BL-LS5730A1S1UWC-0.5W"; VariantName = "[No Variations]"
Add component (AddParameter): Name = "Mounted"; Value = "Yes"; VariantName = "[No Variations]"
Add component (AddParameter): Name = "PackageDescription"; Value = "Molded LED, 2-Leads, Body 4.7x3mm, IPC Medium Density PCB Edge Mounting"; VariantName = "[No Variations]"
Add component (AddParameter): Name = "Part Description"; Value = "SMD white LED"; VariantName = "[No Variations]"
Add component (AddParameter): Name = "Part Number"; Value = "LED_BETLUX_BL-LS5730A1S1UWC-0.5W"; VariantName = "[No Variations]"
Add component (AddParameter): Name = "Part Numer"; Value = "LED_BETLUX_BL-LS5730A1S1UWC-0.5W"; VariantName = "[No Variations]"
Add component (AddParameter): Name = "Pin Count"; Value = "2"; VariantName = "[No Variations]"
Add component (AddParameter): Name = "PressFit"; Value = "No"; VariantName = "[No Variations]"
Add component (AddParameter): Name = "Sense"; Value = "No"; VariantName = "[No Variations]"
Add component (AddParameter): Name = "SMD"; Value = "Yes"; VariantName = "[No Variations]"
Add component (AddParameter): Name = "Socket"; Value = "No"; VariantName = "[No Variations]"
Added Pin To Net: NetName=NetC1_2 Pin=LD1-1
Added Pin To Net: NetName=GND Pin=LD1-2
Added Pin To Net: NetName=NetC1_2 Pin=LD2-1
Added Pin To Net: NetName=GND Pin=LD2-2
Added Pin To Net: NetName=NetC1_2 Pin=LD3-1
Added Pin To Net: NetName=GND Pin=LD3-2
Added Pin To Net: NetName=NetC1_2 Pin=LD4-1
Added Pin To Net: NetName=GND Pin=LD4-2
Added Pin To Net: NetName=NetC1_2 Pin=LD5-1
Added Pin To Net: NetName=GND Pin=LD5-2
Added Pin To Net: NetName=NetC1_2 Pin=LD6-1
Added Pin To Net: NetName=GND Pin=LD6-2
Added Pin To Net: NetName=NetC1_2 Pin=LD7-1
Added Pin To Net: NetName=GND Pin=LD7-2
Added Pin To Net: NetName=NetC1_2 Pin=LD8-1
Added Pin To Net: NetName=GND Pin=LD8-2
Added Pin To Net: NetName=NetC1_2 Pin=LD9-1
Added Pin To Net: NetName=GND Pin=LD9-2
Added Pin To Net: NetName=THERMO Pin=LD1-3
Added Pin To Net: NetName=THERMO Pin=LD2-3
Added Pin To Net: NetName=THERMO Pin=LD3-3
Added Pin To Net: NetName=THERMO Pin=LD4-3
Added Pin To Net: NetName=THERMO Pin=LD5-3
Added Pin To Net: NetName=THERMO Pin=LD6-3
Added Pin To Net: NetName=THERMO Pin=LD7-3
Added Pin To Net: NetName=THERMO Pin=LD8-3
Added Pin To Net: NetName=THERMO Pin=LD9-3
Added Net: Name=THERMO
Added Member To Class: ClassName=PCB LED_MonitorFluorecente Member=Component LD1 White
Added Member To Class: ClassName=PCB LED_MonitorFluorecente Member=Component LD2 White
Added Member To Class: ClassName=PCB LED_MonitorFluorecente Member=Component LD3 White
Added Member To Class: ClassName=PCB LED_MonitorFluorecente Member=Component LD4 White
Added Member To Class: ClassName=PCB LED_MonitorFluorecente Member=Component LD5 White
Added Member To Class: ClassName=PCB LED_MonitorFluorecente Member=Component LD6 White
Added Member To Class: ClassName=PCB LED_MonitorFluorecente Member=Component LD7 White
Added Member To Class: ClassName=PCB LED_MonitorFluorecente Member=Component LD8 White
Added Member To Class: ClassName=PCB LED_MonitorFluorecente Member=Component LD9 White
