Removed Pin From Net: NetName=NetC1_1 Pin=LD1-3
Removed Pin From Net: NetName=NetC1_1 Pin=LD2-3
Removed Pin From Net: NetName=NetC1_1 Pin=LD3-3
Removed Pin From Net: NetName=NetC1_1 Pin=LD4-3
Removed Pin From Net: NetName=NetC1_1 Pin=LD5-3
Removed Pin From Net: NetName=NetC1_1 Pin=LD6-3
Removed Pin From Net: NetName=NetC1_1 Pin=LD7-3
Removed Pin From Net: NetName=NetC1_1 Pin=LD8-3
Removed Pin From Net: NetName=NetC1_1 Pin=LD9-3
Change Component DesignItemId : Designator=LD1 Old DesignItemId=LED_BETLUX_BL-LS5730A1S1UWC-0.5W New DesignItemId=GW JTLPS1.EM-KKKM-XX55-1-150-R33
Change Component DesignItemId : Designator=LD2 Old DesignItemId=LED_BETLUX_BL-LS5730A1S1UWC-0.5W New DesignItemId=GW JTLPS1.EM-KKKM-XX55-1-150-R33
Change Component DesignItemId : Designator=LD3 Old DesignItemId=LED_BETLUX_BL-LS5730A1S1UWC-0.5W New DesignItemId=GW JTLPS1.EM-KKKM-XX55-1-150-R33
Change Component DesignItemId : Designator=LD4 Old DesignItemId=LED_BETLUX_BL-LS5730A1S1UWC-0.5W New DesignItemId=GW JTLPS1.EM-KKKM-XX55-1-150-R33
Change Component DesignItemId : Designator=LD5 Old DesignItemId=LED_BETLUX_BL-LS5730A1S1UWC-0.5W New DesignItemId=GW JTLPS1.EM-KKKM-XX55-1-150-R33
Change Component DesignItemId : Designator=LD6 Old DesignItemId=LED_BETLUX_BL-LS5730A1S1UWC-0.5W New DesignItemId=GW JTLPS1.EM-KKKM-XX55-1-150-R33
Change Component DesignItemId : Designator=LD7 Old DesignItemId=LED_BETLUX_BL-LS5730A1S1UWC-0.5W New DesignItemId=GW JTLPS1.EM-KKKM-XX55-1-150-R33
Change Component DesignItemId : Designator=LD8 Old DesignItemId=LED_BETLUX_BL-LS5730A1S1UWC-0.5W New DesignItemId=GW JTLPS1.EM-KKKM-XX55-1-150-R33
Change Component DesignItemId : Designator=LD9 Old DesignItemId=LED_BETLUX_BL-LS5730A1S1UWC-0.5W New DesignItemId=GW JTLPS1.EM-KKKM-XX55-1-150-R33
Change Component Footprint: Designator=LD1 Old Footprint=BL-LS5730A1S1UWC New Footprint=LED_OSRAM_GW_JTLPS1.EM
Change Component Footprint: Designator=LD2 Old Footprint=BL-LS5730A1S1UWC New Footprint=LED_OSRAM_GW_JTLPS1.EM
Change Component Footprint: Designator=LD3 Old Footprint=BL-LS5730A1S1UWC New Footprint=LED_OSRAM_GW_JTLPS1.EM
Change Component Footprint: Designator=LD4 Old Footprint=BL-LS5730A1S1UWC New Footprint=LED_OSRAM_GW_JTLPS1.EM
Change Component Footprint: Designator=LD5 Old Footprint=BL-LS5730A1S1UWC New Footprint=LED_OSRAM_GW_JTLPS1.EM
Change Component Footprint: Designator=LD6 Old Footprint=BL-LS5730A1S1UWC New Footprint=LED_OSRAM_GW_JTLPS1.EM
Change Component Footprint: Designator=LD7 Old Footprint=BL-LS5730A1S1UWC New Footprint=LED_OSRAM_GW_JTLPS1.EM
Change Component Footprint: Designator=LD8 Old Footprint=BL-LS5730A1S1UWC New Footprint=LED_OSRAM_GW_JTLPS1.EM
Change Component Footprint: Designator=LD9 Old Footprint=BL-LS5730A1S1UWC New Footprint=LED_OSRAM_GW_JTLPS1.EM
Change Component Description : Designator=LD1 Old Description=LED White New Description=LED White 1C 2A
Change Component Description : Designator=LD2 Old Description=LED White New Description=LED White 1C 2A
Change Component Description : Designator=LD3 Old Description=LED White New Description=LED White 1C 2A
Change Component Description : Designator=LD4 Old Description=LED White New Description=LED White 1C 2A
Change Component Description : Designator=LD5 Old Description=LED White New Description=LED White 1C 2A
Change Component Description : Designator=LD6 Old Description=LED White New Description=LED White 1C 2A
Change Component Description : Designator=LD7 Old Description=LED White New Description=LED White 1C 2A
Change Component Description : Designator=LD8 Old Description=LED White New Description=LED White 1C 2A
Change Component Description : Designator=LD9 Old Description=LED White New Description=LED White 1C 2A
Change component parameters: Designator = "LD1"; Footprint = "LED_OSRAM_GW_JTLPS1.EM"; UniqueID = "\RPAKSSSQ"
Change component parameters. Clean all parameters for all variants
Change component parameters (AddParameter): Name = "Author"; Value = "LNLS DIG LOS"; VariantName = "[No Variations]"
Change component parameters (AddParameter): Name = "Bonding"; Value = "No"; VariantName = "[No Variations]"
Change component parameters (AddParameter): Name = "Color"; Value = "White"; VariantName = "[No Variations]"
Change component parameters (AddParameter): Name = "ComponentHeight"; Value = "0.65mm"; VariantName = "[No Variations]"
Change component parameters (AddParameter): Name = "Component Type"; Value = "Standard"; VariantName = "[No Variations]"
Change component parameters (AddParameter): Name = "CreateDate"; Value = "26/02/2018"; VariantName = "[No Variations]"
Change component parameters (AddParameter): Name = "LatestRevisionDate"; Value = "26/02/2018"; VariantName = "[No Variations]"
Change component parameters (AddParameter): Name = "Manufacturer"; Value = "OSRAM"; VariantName = "[No Variations]"
Change component parameters (AddParameter): Name = "Manufacturer Part Number"; Value = "GW JTLPS1.EM-KKKM-XX55-1-150-R33"; VariantName = "[No Variations]"
Change component parameters (AddParameter): Name = "Mounted"; Value = "Yes"; VariantName = "[No Variations]"
Change component parameters (AddParameter): Name = "PackageDescription"; Value = "SMD White LED, 2-Leads, Body 3.5x2.8mm, GW JTLPS1.EM Series"; VariantName = "[No Variations]"
Change component parameters (AddParameter): Name = "Part Description"; Value = "High Power LEDs - White White 4000K CRI 80 DURIS E 2835"; VariantName = "[No Variations]"
Change component parameters (AddParameter): Name = "Part Number"; Value = "GW JTLPS1.EM-KKKM-XX55-1-150-R33"; VariantName = "[No Variations]"
Change component parameters (AddParameter): Name = "Pin Count"; Value = "2"; VariantName = "[No Variations]"
Change component parameters (AddParameter): Name = "PressFit"; Value = "No"; VariantName = "[No Variations]"
Change component parameters (AddParameter): Name = "Sense"; Value = "No"; VariantName = "[No Variations]"
Change component parameters (AddParameter): Name = "SMD"; Value = "Yes"; VariantName = "[No Variations]"
Change component parameters (AddParameter): Name = "Socket"; Value = "No"; VariantName = "[No Variations]"
Change component parameters: Designator = "LD2"; Footprint = "LED_OSRAM_GW_JTLPS1.EM"; UniqueID = "\XFYWUHWS"
Change component parameters. Clean all parameters for all variants
Change component parameters (AddParameter): Name = "Author"; Value = "LNLS DIG LOS"; VariantName = "[No Variations]"
Change component parameters (AddParameter): Name = "Bonding"; Value = "No"; VariantName = "[No Variations]"
Change component parameters (AddParameter): Name = "Color"; Value = "White"; VariantName = "[No Variations]"
Change component parameters (AddParameter): Name = "ComponentHeight"; Value = "0.65mm"; VariantName = "[No Variations]"
Change component parameters (AddParameter): Name = "Component Type"; Value = "Standard"; VariantName = "[No Variations]"
Change component parameters (AddParameter): Name = "CreateDate"; Value = "26/02/2018"; VariantName = "[No Variations]"
Change component parameters (AddParameter): Name = "LatestRevisionDate"; Value = "26/02/2018"; VariantName = "[No Variations]"
Change component parameters (AddParameter): Name = "Manufacturer"; Value = "OSRAM"; VariantName = "[No Variations]"
Change component parameters (AddParameter): Name = "Manufacturer Part Number"; Value = "GW JTLPS1.EM-KKKM-XX55-1-150-R33"; VariantName = "[No Variations]"
Change component parameters (AddParameter): Name = "Mounted"; Value = "Yes"; VariantName = "[No Variations]"
Change component parameters (AddParameter): Name = "PackageDescription"; Value = "SMD White LED, 2-Leads, Body 3.5x2.8mm, GW JTLPS1.EM Series"; VariantName = "[No Variations]"
Change component parameters (AddParameter): Name = "Part Description"; Value = "High Power LEDs - White White 4000K CRI 80 DURIS E 2835"; VariantName = "[No Variations]"
Change component parameters (AddParameter): Name = "Part Number"; Value = "GW JTLPS1.EM-KKKM-XX55-1-150-R33"; VariantName = "[No Variations]"
Change component parameters (AddParameter): Name = "Pin Count"; Value = "2"; VariantName = "[No Variations]"
Change component parameters (AddParameter): Name = "PressFit"; Value = "No"; VariantName = "[No Variations]"
Change component parameters (AddParameter): Name = "Sense"; Value = "No"; VariantName = "[No Variations]"
Change component parameters (AddParameter): Name = "SMD"; Value = "Yes"; VariantName = "[No Variations]"
Change component parameters (AddParameter): Name = "Socket"; Value = "No"; VariantName = "[No Variations]"
Change component parameters: Designator = "LD3"; Footprint = "LED_OSRAM_GW_JTLPS1.EM"; UniqueID = "\GJRSNKPR"
Change component parameters. Clean all parameters for all variants
Change component parameters (AddParameter): Name = "Author"; Value = "LNLS DIG LOS"; VariantName = "[No Variations]"
Change component parameters (AddParameter): Name = "Bonding"; Value = "No"; VariantName = "[No Variations]"
Change component parameters (AddParameter): Name = "Color"; Value = "White"; VariantName = "[No Variations]"
Change component parameters (AddParameter): Name = "ComponentHeight"; Value = "0.65mm"; VariantName = "[No Variations]"
Change component parameters (AddParameter): Name = "Component Type"; Value = "Standard"; VariantName = "[No Variations]"
Change component parameters (AddParameter): Name = "CreateDate"; Value = "26/02/2018"; VariantName = "[No Variations]"
Change component parameters (AddParameter): Name = "LatestRevisionDate"; Value = "26/02/2018"; VariantName = "[No Variations]"
Change component parameters (AddParameter): Name = "Manufacturer"; Value = "OSRAM"; VariantName = "[No Variations]"
Change component parameters (AddParameter): Name = "Manufacturer Part Number"; Value = "GW JTLPS1.EM-KKKM-XX55-1-150-R33"; VariantName = "[No Variations]"
Change component parameters (AddParameter): Name = "Mounted"; Value = "Yes"; VariantName = "[No Variations]"
Change component parameters (AddParameter): Name = "PackageDescription"; Value = "SMD White LED, 2-Leads, Body 3.5x2.8mm, GW JTLPS1.EM Series"; VariantName = "[No Variations]"
Change component parameters (AddParameter): Name = "Part Description"; Value = "High Power LEDs - White White 4000K CRI 80 DURIS E 2835"; VariantName = "[No Variations]"
Change component parameters (AddParameter): Name = "Part Number"; Value = "GW JTLPS1.EM-KKKM-XX55-1-150-R33"; VariantName = "[No Variations]"
Change component parameters (AddParameter): Name = "Pin Count"; Value = "2"; VariantName = "[No Variations]"
Change component parameters (AddParameter): Name = "PressFit"; Value = "No"; VariantName = "[No Variations]"
Change component parameters (AddParameter): Name = "Sense"; Value = "No"; VariantName = "[No Variations]"
Change component parameters (AddParameter): Name = "SMD"; Value = "Yes"; VariantName = "[No Variations]"
Change component parameters (AddParameter): Name = "Socket"; Value = "No"; VariantName = "[No Variations]"
Change component parameters: Designator = "LD4"; Footprint = "LED_OSRAM_GW_JTLPS1.EM"; UniqueID = "\RFVBNGAW"
Change component parameters. Clean all parameters for all variants
Change component parameters (AddParameter): Name = "Author"; Value = "LNLS DIG LOS"; VariantName = "[No Variations]"
Change component parameters (AddParameter): Name = "Bonding"; Value = "No"; VariantName = "[No Variations]"
Change component parameters (AddParameter): Name = "Color"; Value = "White"; VariantName = "[No Variations]"
Change component parameters (AddParameter): Name = "ComponentHeight"; Value = "0.65mm"; VariantName = "[No Variations]"
Change component parameters (AddParameter): Name = "Component Type"; Value = "Standard"; VariantName = "[No Variations]"
Change component parameters (AddParameter): Name = "CreateDate"; Value = "26/02/2018"; VariantName = "[No Variations]"
Change component parameters (AddParameter): Name = "LatestRevisionDate"; Value = "26/02/2018"; VariantName = "[No Variations]"
Change component parameters (AddParameter): Name = "Manufacturer"; Value = "OSRAM"; VariantName = "[No Variations]"
Change component parameters (AddParameter): Name = "Manufacturer Part Number"; Value = "GW JTLPS1.EM-KKKM-XX55-1-150-R33"; VariantName = "[No Variations]"
Change component parameters (AddParameter): Name = "Mounted"; Value = "Yes"; VariantName = "[No Variations]"
Change component parameters (AddParameter): Name = "PackageDescription"; Value = "SMD White LED, 2-Leads, Body 3.5x2.8mm, GW JTLPS1.EM Series"; VariantName = "[No Variations]"
Change component parameters (AddParameter): Name = "Part Description"; Value = "High Power LEDs - White White 4000K CRI 80 DURIS E 2835"; VariantName = "[No Variations]"
Change component parameters (AddParameter): Name = "Part Number"; Value = "GW JTLPS1.EM-KKKM-XX55-1-150-R33"; VariantName = "[No Variations]"
Change component parameters (AddParameter): Name = "Pin Count"; Value = "2"; VariantName = "[No Variations]"
Change component parameters (AddParameter): Name = "PressFit"; Value = "No"; VariantName = "[No Variations]"
Change component parameters (AddParameter): Name = "Sense"; Value = "No"; VariantName = "[No Variations]"
Change component parameters (AddParameter): Name = "SMD"; Value = "Yes"; VariantName = "[No Variations]"
Change component parameters (AddParameter): Name = "Socket"; Value = "No"; VariantName = "[No Variations]"
Change component parameters: Designator = "LD5"; Footprint = "LED_OSRAM_GW_JTLPS1.EM"; UniqueID = "\XQNCXVFE"
Change component parameters. Clean all parameters for all variants
Change component parameters (AddParameter): Name = "Author"; Value = "LNLS DIG LOS"; VariantName = "[No Variations]"
Change component parameters (AddParameter): Name = "Bonding"; Value = "No"; VariantName = "[No Variations]"
Change component parameters (AddParameter): Name = "Color"; Value = "White"; VariantName = "[No Variations]"
Change component parameters (AddParameter): Name = "ComponentHeight"; Value = "0.65mm"; VariantName = "[No Variations]"
Change component parameters (AddParameter): Name = "Component Type"; Value = "Standard"; VariantName = "[No Variations]"
Change component parameters (AddParameter): Name = "CreateDate"; Value = "26/02/2018"; VariantName = "[No Variations]"
Change component parameters (AddParameter): Name = "LatestRevisionDate"; Value = "26/02/2018"; VariantName = "[No Variations]"
Change component parameters (AddParameter): Name = "Manufacturer"; Value = "OSRAM"; VariantName = "[No Variations]"
Change component parameters (AddParameter): Name = "Manufacturer Part Number"; Value = "GW JTLPS1.EM-KKKM-XX55-1-150-R33"; VariantName = "[No Variations]"
Change component parameters (AddParameter): Name = "Mounted"; Value = "Yes"; VariantName = "[No Variations]"
Change component parameters (AddParameter): Name = "PackageDescription"; Value = "SMD White LED, 2-Leads, Body 3.5x2.8mm, GW JTLPS1.EM Series"; VariantName = "[No Variations]"
Change component parameters (AddParameter): Name = "Part Description"; Value = "High Power LEDs - White White 4000K CRI 80 DURIS E 2835"; VariantName = "[No Variations]"
Change component parameters (AddParameter): Name = "Part Number"; Value = "GW JTLPS1.EM-KKKM-XX55-1-150-R33"; VariantName = "[No Variations]"
Change component parameters (AddParameter): Name = "Pin Count"; Value = "2"; VariantName = "[No Variations]"
Change component parameters (AddParameter): Name = "PressFit"; Value = "No"; VariantName = "[No Variations]"
Change component parameters (AddParameter): Name = "Sense"; Value = "No"; VariantName = "[No Variations]"
Change component parameters (AddParameter): Name = "SMD"; Value = "Yes"; VariantName = "[No Variations]"
Change component parameters (AddParameter): Name = "Socket"; Value = "No"; VariantName = "[No Variations]"
Change component parameters: Designator = "LD6"; Footprint = "LED_OSRAM_GW_JTLPS1.EM"; UniqueID = "\NHMRGRCK"
Change component parameters. Clean all parameters for all variants
Change component parameters (AddParameter): Name = "Author"; Value = "LNLS DIG LOS"; VariantName = "[No Variations]"
Change component parameters (AddParameter): Name = "Bonding"; Value = "No"; VariantName = "[No Variations]"
Change component parameters (AddParameter): Name = "Color"; Value = "White"; VariantName = "[No Variations]"
Change component parameters (AddParameter): Name = "ComponentHeight"; Value = "0.65mm"; VariantName = "[No Variations]"
Change component parameters (AddParameter): Name = "Component Type"; Value = "Standard"; VariantName = "[No Variations]"
Change component parameters (AddParameter): Name = "CreateDate"; Value = "26/02/2018"; VariantName = "[No Variations]"
Change component parameters (AddParameter): Name = "LatestRevisionDate"; Value = "26/02/2018"; VariantName = "[No Variations]"
Change component parameters (AddParameter): Name = "Manufacturer"; Value = "OSRAM"; VariantName = "[No Variations]"
Change component parameters (AddParameter): Name = "Manufacturer Part Number"; Value = "GW JTLPS1.EM-KKKM-XX55-1-150-R33"; VariantName = "[No Variations]"
Change component parameters (AddParameter): Name = "Mounted"; Value = "Yes"; VariantName = "[No Variations]"
Change component parameters (AddParameter): Name = "PackageDescription"; Value = "SMD White LED, 2-Leads, Body 3.5x2.8mm, GW JTLPS1.EM Series"; VariantName = "[No Variations]"
Change component parameters (AddParameter): Name = "Part Description"; Value = "High Power LEDs - White White 4000K CRI 80 DURIS E 2835"; VariantName = "[No Variations]"
Change component parameters (AddParameter): Name = "Part Number"; Value = "GW JTLPS1.EM-KKKM-XX55-1-150-R33"; VariantName = "[No Variations]"
Change component parameters (AddParameter): Name = "Pin Count"; Value = "2"; VariantName = "[No Variations]"
Change component parameters (AddParameter): Name = "PressFit"; Value = "No"; VariantName = "[No Variations]"
Change component parameters (AddParameter): Name = "Sense"; Value = "No"; VariantName = "[No Variations]"
Change component parameters (AddParameter): Name = "SMD"; Value = "Yes"; VariantName = "[No Variations]"
Change component parameters (AddParameter): Name = "Socket"; Value = "No"; VariantName = "[No Variations]"
Change component parameters: Designator = "LD7"; Footprint = "LED_OSRAM_GW_JTLPS1.EM"; UniqueID = "\JLMXFMJV"
Change component parameters. Clean all parameters for all variants
Change component parameters (AddParameter): Name = "Author"; Value = "LNLS DIG LOS"; VariantName = "[No Variations]"
Change component parameters (AddParameter): Name = "Bonding"; Value = "No"; VariantName = "[No Variations]"
Change component parameters (AddParameter): Name = "Color"; Value = "White"; VariantName = "[No Variations]"
Change component parameters (AddParameter): Name = "ComponentHeight"; Value = "0.65mm"; VariantName = "[No Variations]"
Change component parameters (AddParameter): Name = "Component Type"; Value = "Standard"; VariantName = "[No Variations]"
Change component parameters (AddParameter): Name = "CreateDate"; Value = "26/02/2018"; VariantName = "[No Variations]"
Change component parameters (AddParameter): Name = "LatestRevisionDate"; Value = "26/02/2018"; VariantName = "[No Variations]"
Change component parameters (AddParameter): Name = "Manufacturer"; Value = "OSRAM"; VariantName = "[No Variations]"
Change component parameters (AddParameter): Name = "Manufacturer Part Number"; Value = "GW JTLPS1.EM-KKKM-XX55-1-150-R33"; VariantName = "[No Variations]"
Change component parameters (AddParameter): Name = "Mounted"; Value = "Yes"; VariantName = "[No Variations]"
Change component parameters (AddParameter): Name = "PackageDescription"; Value = "SMD White LED, 2-Leads, Body 3.5x2.8mm, GW JTLPS1.EM Series"; VariantName = "[No Variations]"
Change component parameters (AddParameter): Name = "Part Description"; Value = "High Power LEDs - White White 4000K CRI 80 DURIS E 2835"; VariantName = "[No Variations]"
Change component parameters (AddParameter): Name = "Part Number"; Value = "GW JTLPS1.EM-KKKM-XX55-1-150-R33"; VariantName = "[No Variations]"
Change component parameters (AddParameter): Name = "Pin Count"; Value = "2"; VariantName = "[No Variations]"
Change component parameters (AddParameter): Name = "PressFit"; Value = "No"; VariantName = "[No Variations]"
Change component parameters (AddParameter): Name = "Sense"; Value = "No"; VariantName = "[No Variations]"
Change component parameters (AddParameter): Name = "SMD"; Value = "Yes"; VariantName = "[No Variations]"
Change component parameters (AddParameter): Name = "Socket"; Value = "No"; VariantName = "[No Variations]"
Change component parameters: Designator = "LD8"; Footprint = "LED_OSRAM_GW_JTLPS1.EM"; UniqueID = "\KEAEJMJQ"
Change component parameters. Clean all parameters for all variants
Change component parameters (AddParameter): Name = "Author"; Value = "LNLS DIG LOS"; VariantName = "[No Variations]"
Change component parameters (AddParameter): Name = "Bonding"; Value = "No"; VariantName = "[No Variations]"
Change component parameters (AddParameter): Name = "Color"; Value = "White"; VariantName = "[No Variations]"
Change component parameters (AddParameter): Name = "ComponentHeight"; Value = "0.65mm"; VariantName = "[No Variations]"
Change component parameters (AddParameter): Name = "Component Type"; Value = "Standard"; VariantName = "[No Variations]"
Change component parameters (AddParameter): Name = "CreateDate"; Value = "26/02/2018"; VariantName = "[No Variations]"
Change component parameters (AddParameter): Name = "LatestRevisionDate"; Value = "26/02/2018"; VariantName = "[No Variations]"
Change component parameters (AddParameter): Name = "Manufacturer"; Value = "OSRAM"; VariantName = "[No Variations]"
Change component parameters (AddParameter): Name = "Manufacturer Part Number"; Value = "GW JTLPS1.EM-KKKM-XX55-1-150-R33"; VariantName = "[No Variations]"
Change component parameters (AddParameter): Name = "Mounted"; Value = "Yes"; VariantName = "[No Variations]"
Change component parameters (AddParameter): Name = "PackageDescription"; Value = "SMD White LED, 2-Leads, Body 3.5x2.8mm, GW JTLPS1.EM Series"; VariantName = "[No Variations]"
Change component parameters (AddParameter): Name = "Part Description"; Value = "High Power LEDs - White White 4000K CRI 80 DURIS E 2835"; VariantName = "[No Variations]"
Change component parameters (AddParameter): Name = "Part Number"; Value = "GW JTLPS1.EM-KKKM-XX55-1-150-R33"; VariantName = "[No Variations]"
Change component parameters (AddParameter): Name = "Pin Count"; Value = "2"; VariantName = "[No Variations]"
Change component parameters (AddParameter): Name = "PressFit"; Value = "No"; VariantName = "[No Variations]"
Change component parameters (AddParameter): Name = "Sense"; Value = "No"; VariantName = "[No Variations]"
Change component parameters (AddParameter): Name = "SMD"; Value = "Yes"; VariantName = "[No Variations]"
Change component parameters (AddParameter): Name = "Socket"; Value = "No"; VariantName = "[No Variations]"
Change component parameters: Designator = "LD9"; Footprint = "LED_OSRAM_GW_JTLPS1.EM"; UniqueID = "\LHKSYKXV"
Change component parameters. Clean all parameters for all variants
Change component parameters (AddParameter): Name = "Author"; Value = "LNLS DIG LOS"; VariantName = "[No Variations]"
Change component parameters (AddParameter): Name = "Bonding"; Value = "No"; VariantName = "[No Variations]"
Change component parameters (AddParameter): Name = "Color"; Value = "White"; VariantName = "[No Variations]"
Change component parameters (AddParameter): Name = "ComponentHeight"; Value = "0.65mm"; VariantName = "[No Variations]"
Change component parameters (AddParameter): Name = "Component Type"; Value = "Standard"; VariantName = "[No Variations]"
Change component parameters (AddParameter): Name = "CreateDate"; Value = "26/02/2018"; VariantName = "[No Variations]"
Change component parameters (AddParameter): Name = "LatestRevisionDate"; Value = "26/02/2018"; VariantName = "[No Variations]"
Change component parameters (AddParameter): Name = "Manufacturer"; Value = "OSRAM"; VariantName = "[No Variations]"
Change component parameters (AddParameter): Name = "Manufacturer Part Number"; Value = "GW JTLPS1.EM-KKKM-XX55-1-150-R33"; VariantName = "[No Variations]"
Change component parameters (AddParameter): Name = "Mounted"; Value = "Yes"; VariantName = "[No Variations]"
Change component parameters (AddParameter): Name = "PackageDescription"; Value = "SMD White LED, 2-Leads, Body 3.5x2.8mm, GW JTLPS1.EM Series"; VariantName = "[No Variations]"
Change component parameters (AddParameter): Name = "Part Description"; Value = "High Power LEDs - White White 4000K CRI 80 DURIS E 2835"; VariantName = "[No Variations]"
Change component parameters (AddParameter): Name = "Part Number"; Value = "GW JTLPS1.EM-KKKM-XX55-1-150-R33"; VariantName = "[No Variations]"
Change component parameters (AddParameter): Name = "Pin Count"; Value = "2"; VariantName = "[No Variations]"
Change component parameters (AddParameter): Name = "PressFit"; Value = "No"; VariantName = "[No Variations]"
Change component parameters (AddParameter): Name = "Sense"; Value = "No"; VariantName = "[No Variations]"
Change component parameters (AddParameter): Name = "SMD"; Value = "Yes"; VariantName = "[No Variations]"
Change component parameters (AddParameter): Name = "Socket"; Value = "No"; VariantName = "[No Variations]"
Added Room: Name=PCB LED_MonitorFluorecente
